<?xml version="1.0" encoding="UTF-8"?>
<testsuite xmlns:xsi="http://www.w3.org/2001/XMLSchema-instance" xsi:noNamespaceSchemaLocation="https://maven.apache.org/surefire/maven-surefire-plugin/xsd/surefire-test-report-3.0.xsd" version="3.0" name="edu.bu.met.cs665.EmailGenerationTest" time="0.026" tests="7" errors="0" skipped="0" failures="0">
  <properties>
    <property name="java.specification.version" value="22"/>
    <property name="sun.jnu.encoding" value="UTF-8"/>
    <property name="java.class.path" value="/Users/amanjain/Desktop/SDP_Assignment_3/target/test-classes:/Users/amanjain/Desktop/SDP_Assignment_3/target/classes:/Users/amanjain/.m2/repository/junit/junit/4.13.1/junit-4.13.1.jar:/Users/amanjain/.m2/repository/org/hamcrest/hamcrest-core/1.3/hamcrest-core-1.3.jar:/Users/amanjain/.m2/repository/org/apache/logging/log4j/log4j-core/2.19.0/log4j-core-2.19.0.jar:/Users/amanjain/.m2/repository/org/apache/logging/log4j/log4j-api/2.19.0/log4j-api-2.19.0.jar:"/>
    <property name="java.vm.vendor" value="Oracle Corporation"/>
    <property name="sun.arch.data.model" value="64"/>
    <property name="java.vendor.url" value="https://java.oracle.com/"/>
    <property name="os.name" value="Mac OS X"/>
    <property name="java.vm.specification.version" value="22"/>
    <property name="sun.java.launcher" value="SUN_STANDARD"/>
    <property name="user.country" value="US"/>
    <property name="sun.boot.library.path" value="/Library/Java/JavaVirtualMachines/jdk-22.jdk/Contents/Home/lib"/>
    <property name="sun.java.command" value="/Users/amanjain/Desktop/SDP_Assignment_3/target/surefire/surefirebooter-20241021182127441_3.jar /Users/amanjain/Desktop/SDP_Assignment_3/target/surefire 2024-10-21T18-21-27_408-jvmRun1 surefire-20241021182127441_1tmp surefire_0-20241021182127441_2tmp"/>
    <property name="http.nonProxyHosts" value="local|*.local|169.254/16|*.169.254/16"/>
    <property name="jdk.debug" value="release"/>
    <property name="surefire.test.class.path" value="/Users/amanjain/Desktop/SDP_Assignment_3/target/test-classes:/Users/amanjain/Desktop/SDP_Assignment_3/target/classes:/Users/amanjain/.m2/repository/junit/junit/4.13.1/junit-4.13.1.jar:/Users/amanjain/.m2/repository/org/hamcrest/hamcrest-core/1.3/hamcrest-core-1.3.jar:/Users/amanjain/.m2/repository/org/apache/logging/log4j/log4j-core/2.19.0/log4j-core-2.19.0.jar:/Users/amanjain/.m2/repository/org/apache/logging/log4j/log4j-api/2.19.0/log4j-api-2.19.0.jar:"/>
    <property name="sun.cpu.endian" value="little"/>
    <property name="user.home" value="/Users/amanjain"/>
    <property name="user.language" value="en"/>
    <property name="java.specification.vendor" value="Oracle Corporation"/>
    <property name="java.version.date" value="2024-04-16"/>
    <property name="java.home" value="/Library/Java/JavaVirtualMachines/jdk-22.jdk/Contents/Home"/>
    <property name="file.separator" value="/"/>
    <property name="basedir" value="/Users/amanjain/Desktop/SDP_Assignment_3"/>
    <property name="java.vm.compressedOopsMode" value="Zero based"/>
    <property name="line.separator" value="&#10;"/>
    <property name="java.vm.specification.vendor" value="Oracle Corporation"/>
    <property name="java.specification.name" value="Java Platform API Specification"/>
    <property name="apple.awt.application.name" value="ForkedBooter"/>
    <property name="surefire.real.class.path" value="/Users/amanjain/Desktop/SDP_Assignment_3/target/surefire/surefirebooter-20241021182127441_3.jar"/>
    <property name="sun.management.compiler" value="HotSpot 64-Bit Tiered Compilers"/>
    <property name="ftp.nonProxyHosts" value="local|*.local|169.254/16|*.169.254/16"/>
    <property name="java.runtime.version" value="22.0.1+8-16"/>
    <property name="user.name" value="amanjain"/>
    <property name="stdout.encoding" value="UTF-8"/>
    <property name="path.separator" value=":"/>
    <property name="os.version" value="15.0"/>
    <property name="java.runtime.name" value="Java(TM) SE Runtime Environment"/>
    <property name="file.encoding" value="UTF-8"/>
    <property name="java.vm.name" value="Java HotSpot(TM) 64-Bit Server VM"/>
    <property name="localRepository" value="/Users/amanjain/.m2/repository"/>
    <property name="java.vendor.url.bug" value="https://bugreport.java.com/bugreport/"/>
    <property name="java.io.tmpdir" value="/var/folders/xp/wqb0y44x7xl59cpz8z5gk57r0000gn/T/"/>
    <property name="java.version" value="22.0.1"/>
    <property name="user.dir" value="/Users/amanjain/Desktop/SDP_Assignment_3"/>
    <property name="os.arch" value="aarch64"/>
    <property name="java.vm.specification.name" value="Java Virtual Machine Specification"/>
    <property name="native.encoding" value="UTF-8"/>
    <property name="java.library.path" value="/Users/amanjain/Library/Java/Extensions:/Library/Java/Extensions:/Network/Library/Java/Extensions:/System/Library/Java/Extensions:/usr/lib/java:."/>
    <property name="java.vm.info" value="mixed mode, sharing"/>
    <property name="stderr.encoding" value="UTF-8"/>
    <property name="java.vendor" value="Oracle Corporation"/>
    <property name="java.vm.version" value="22.0.1+8-16"/>
    <property name="sun.io.unicode.encoding" value="UnicodeBig"/>
    <property name="socksNonProxyHosts" value="local|*.local|169.254/16|*.169.254/16"/>
    <property name="java.class.version" value="66.0"/>
  </properties>
  <testcase name="testMultipleCustomerTypes" classname="edu.bu.met.cs665.EmailGenerationTest" time="0.007">
    <system-out><![CDATA[Header: TechSolve Innovations - "Innovating Solutions, Elevating Possibilities" 
Exclusive Elite Member Offer
Hello Mason,
Dear Elite Member,
As an elite member, you are eligible for exclusive rewards and benefits.
Best regards,
Aman Jain
Header: TechSolve Innovations - "Innovating Solutions, Elevating Possibilities" 
Thank You for Your Frequent Visits
Hello Lucas,
Dear Loyal Customer,
We appreciate your frequent visits and have a special reward for you.
Best regards,
Aman Jain
]]></system-out>
  </testcase>
  <testcase name="testEmptyCustomerName" classname="edu.bu.met.cs665.EmailGenerationTest" time="0.0">
    <system-out><![CDATA[Header: TechSolve Innovations - "Innovating Solutions, Elevating Possibilities" 
Exclusive Corporate Offer Inside
Hello ,
Dear Valued Corporate Client,
We have an exclusive offer tailored just for your business needs.
Best regards,
Aman Jain
]]></system-out>
  </testcase>
  <testcase name="testProspectiveCustomerEmail" classname="edu.bu.met.cs665.EmailGenerationTest" time="0.001">
    <system-out><![CDATA[Header: TechSolve Innovations - "Innovating Solutions, Elevating Possibilities" 
Welcome! Start Your Journey with Us
Hello Ava,
Dear Prospective Customer,
We are excited to introduce you to our offerings.
Best regards,
Aman Jain
]]></system-out>
  </testcase>
  <testcase name="testCorporateClientEmail" classname="edu.bu.met.cs665.EmailGenerationTest" time="0.0">
    <system-out><![CDATA[Header: TechSolve Innovations - "Innovating Solutions, Elevating Possibilities" 
Exclusive Corporate Offer Inside
Hello Liam,
Dear Valued Corporate Client,
We have an exclusive offer tailored just for your business needs.
Best regards,
Aman Jain
]]></system-out>
  </testcase>
  <testcase name="testEliteMemberEmail" classname="edu.bu.met.cs665.EmailGenerationTest" time="0.0">
    <system-out><![CDATA[Header: TechSolve Innovations - "Innovating Solutions, Elevating Possibilities" 
Exclusive Elite Member Offer
Hello Sophia,
Dear Elite Member,
As an elite member, you are eligible for exclusive rewards and benefits.
Best regards,
Aman Jain
]]></system-out>
  </testcase>
  <testcase name="testLoyalCustomerEmail" classname="edu.bu.met.cs665.EmailGenerationTest" time="0.001">
    <system-out><![CDATA[Header: TechSolve Innovations - "Innovating Solutions, Elevating Possibilities" 
Thank You for Your Frequent Visits
Hello Noah,
Dear Loyal Customer,
We appreciate your frequent visits and have a special reward for you.
Best regards,
Aman Jain
]]></system-out>
  </testcase>
  <testcase name="testReturningClientEmail" classname="edu.bu.met.cs665.EmailGenerationTest" time="0.0">
    <system-out><![CDATA[Header: TechSolve Innovations - "Innovating Solutions, Elevating Possibilities" 
Welcome Back!
Hello Olivia,
Dear Returning Client,
Thank you for coming back! We have a special offer waiting for you.
Best regards,
Aman Jain
]]></system-out>
  </testcase>
</testsuite>